[07/29/2022 12:13:41] Debug: Session id: b3296ff2-afe0-415c-8f08-12cbc9dfbeb8
[07/29/2022 12:13:41] Debug: Code Processor information: Name :SnowConvert, Version: 7.11.18.0
[07/29/2022 12:13:42] Debug: Getting license
[07/29/2022 12:13:42] Debug: License information
	Status: Failed
	Message: No active license available.
[07/29/2022 12:13:42] Info: Starting to validate parameters
[07/29/2022 12:13:42] Info: Parameters to validate: 
	Execution mode: Conversion
	LICENSE_KEY: a3372138-b87e-4a08-b929-3b48b24c63f1
[07/29/2022 12:13:42] Info: Validation of parameters: Success
[07/29/2022 12:13:42] Debug: Getting code descriptor
[07/29/2022 12:13:42] Debug: Code descriptor information
	Units: 51
	Units type: LOC
	All file bytes: 2141
	All found extensions: .sql,.dml,.ddl,.bteq,.btq,.fl,.fload,.ml,.mload,.mld,.tp,.tpump,.tpt
[07/29/2022 12:13:42] Debug: Calculating fingerprint
[07/29/2022 12:13:42] Debug: Fingerprint information Fingerprint(size=2141,projects=1)
[07/29/2022 12:13:42] Info: Starting to try to validate online license for execution
[07/29/2022 12:13:43] Debug: Getting license
[07/29/2022 12:13:43] Debug: License information
	Status: Failed
	Message: No active license available.
[07/29/2022 12:13:43] Debug: Starting the execution of the controller
[07/29/2022 12:13:44] Debug: Executing the worker: SnowConvert
[07/29/2022 12:13:56] Debug: Finished executing the worker: SnowConvert
[07/29/2022 12:13:58] Info: Controller execution ended
